This is pdfTeX, Version 3.14159265-2.6-1.40.20 (TeX Live 2019/Debian) (preloaded format=pdflatex 2023.6.2)  20 OCT 2023 12:16
entering extended mode
 restricted \write18 enabled.
 %&-line parsing enabled.
**main.tex
(./main.tex
LaTeX2e <2020-02-02> patch level 2
L3 programming layer <2020-02-14>
(/usr/share/texlive/texmf-dist/tex/latex/base/article.cls
Document Class: article 2019/12/20 v1.4l Standard LaTeX document class
(/usr/share/texlive/texmf-dist/tex/latex/base/size10.clo
File: size10.clo 2019/12/20 v1.4l Standard LaTeX file (size option)
)
\c@part=\count167
\c@section=\count168
\c@subsection=\count169
\c@subsubsection=\count170
\c@paragraph=\count171
\c@subparagraph=\count172
\c@figure=\count173
\c@table=\count174
\abovecaptionskip=\skip47
\belowcaptionskip=\skip48
\bibindent=\dimen134
)
(/usr/share/texlive/texmf-dist/tex/latex/amsmath/amsmath.sty
Package: amsmath 2020/01/20 v2.17e AMS math features
\@mathmargin=\skip49

For additional information on amsmath, use the `?' option.
(/usr/share/texlive/texmf-dist/tex/latex/amsmath/amstext.sty
Package: amstext 2000/06/29 v2.01 AMS text

(/usr/share/texlive/texmf-dist/tex/latex/amsmath/amsgen.sty
File: amsgen.sty 1999/11/30 v2.0 generic functions
\@emptytoks=\toks14
\ex@=\dimen135
))
(/usr/share/texlive/texmf-dist/tex/latex/amsmath/amsbsy.sty
Package: amsbsy 1999/11/29 v1.2d Bold Symbols
\pmbraise@=\dimen136
)
(/usr/share/texlive/texmf-dist/tex/latex/amsmath/amsopn.sty
Package: amsopn 2016/03/08 v2.02 operator names
)
\inf@bad=\count175
LaTeX Info: Redefining \frac on input line 227.
\uproot@=\count176
\leftroot@=\count177
LaTeX Info: Redefining \overline on input line 389.
\classnum@=\count178
\DOTSCASE@=\count179
LaTeX Info: Redefining \ldots on input line 486.
LaTeX Info: Redefining \dots on input line 489.
LaTeX Info: Redefining \cdots on input line 610.
\Mathstrutbox@=\box45
\strutbox@=\box46
\big@size=\dimen137
LaTeX Font Info:    Redeclaring font encoding OML on input line 733.
LaTeX Font Info:    Redeclaring font encoding OMS on input line 734.
\macc@depth=\count180
\c@MaxMatrixCols=\count181
\dotsspace@=\muskip16
\c@parentequation=\count182
\dspbrk@lvl=\count183
\tag@help=\toks15
\row@=\count184
\column@=\count185
\maxfields@=\count186
\andhelp@=\toks16
\eqnshift@=\dimen138
\alignsep@=\dimen139
\tagshift@=\dimen140
\tagwidth@=\dimen141
\totwidth@=\dimen142
\lineht@=\dimen143
\@envbody=\toks17
\multlinegap=\skip50
\multlinetaggap=\skip51
\mathdisplay@stack=\toks18
LaTeX Info: Redefining \[ on input line 2859.
LaTeX Info: Redefining \] on input line 2860.
)
(/usr/share/texlive/texmf-dist/tex/latex/tools/array.sty
Package: array 2019/08/31 v2.4l Tabular extension package (FMi)
\col@sep=\dimen144
\ar@mcellbox=\box47
\extrarowheight=\dimen145
\NC@list=\toks19
\extratabsurround=\skip52
\backup@length=\skip53
\ar@cellbox=\box48
)
(/usr/share/texlive/texmf-dist/tex/latex/multirow/multirow.sty
Package: multirow 2019/05/31 v2.5 Span multiple rows of a table
\multirow@colwidth=\skip54
\multirow@cntb=\count187
\multirow@dima=\skip55
\bigstrutjot=\dimen146
)
(/usr/share/texlive/texmf-dist/tex/latex/amsfonts/amsfonts.sty
Package: amsfonts 2013/01/14 v3.01 Basic AMSFonts support
\symAMSa=\mathgroup4
\symAMSb=\mathgroup5
LaTeX Font Info:    Redeclaring math symbol \hbar on input line 98.
LaTeX Font Info:    Overwriting math alphabet `\mathfrak' in version `bold'
(Font)                  U/euf/m/n --> U/euf/b/n on input line 106.
)
(/usr/share/texlive/texmf-dist/tex/latex/graphics/graphicx.sty
Package: graphicx 2019/11/30 v1.2a Enhanced LaTeX Graphics (DPC,SPQR)

(/usr/share/texlive/texmf-dist/tex/latex/graphics/keyval.sty
Package: keyval 2014/10/28 v1.15 key=value parser (DPC)
\KV@toks@=\toks20
)
(/usr/share/texlive/texmf-dist/tex/latex/graphics/graphics.sty
Package: graphics 2019/11/30 v1.4a Standard LaTeX Graphics (DPC,SPQR)

(/usr/share/texlive/texmf-dist/tex/latex/graphics/trig.sty
Package: trig 2016/01/03 v1.10 sin cos tan (DPC)
)
(/usr/share/texlive/texmf-dist/tex/latex/graphics-cfg/graphics.cfg
File: graphics.cfg 2016/06/04 v1.11 sample graphics configuration
)
Package graphics Info: Driver file: pdftex.def on input line 105.

(/usr/share/texlive/texmf-dist/tex/latex/graphics-def/pdftex.def
File: pdftex.def 2018/01/08 v1.0l Graphics/color driver for pdftex
))
\Gin@req@height=\dimen147
\Gin@req@width=\dimen148
)
(/usr/share/texlive/texmf-dist/tex/latex/geometry/geometry.sty
Package: geometry 2020/01/02 v5.9 Page Geometry

(/usr/share/texlive/texmf-dist/tex/generic/iftex/ifvtex.sty
Package: ifvtex 2019/10/25 v1.7 ifvtex legacy package. Use iftex instead.

(/usr/share/texlive/texmf-dist/tex/generic/iftex/iftex.sty
Package: iftex 2019/11/07 v1.0c TeX engine tests
))
\Gm@cnth=\count188
\Gm@cntv=\count189
\c@Gm@tempcnt=\count190
\Gm@bindingoffset=\dimen149
\Gm@wd@mp=\dimen150
\Gm@odd@mp=\dimen151
\Gm@even@mp=\dimen152
\Gm@layoutwidth=\dimen153
\Gm@layoutheight=\dimen154
\Gm@layouthoffset=\dimen155
\Gm@layoutvoffset=\dimen156
\Gm@dimlist=\toks21
)
(/usr/share/texlive/texmf-dist/tex/latex/cite/cite.sty
LaTeX Info: Redefining \cite on input line 302.
LaTeX Info: Redefining \nocite on input line 332.
Package: cite 2015/02/27  v 5.5
)
(/usr/share/texlive/texmf-dist/tex/latex/caption/caption.sty
Package: caption 2020/01/03 v3.4h Customizing captions (AR)

(/usr/share/texlive/texmf-dist/tex/latex/caption/caption3.sty
Package: caption3 2020/01/03 v1.8h caption3 kernel (AR)
Package caption3 Info: TeX engine: e-TeX on input line 61.
\captionmargin=\dimen157
\captionmargin@=\dimen158
\captionwidth=\dimen159
\caption@tempdima=\dimen160
\caption@indent=\dimen161
\caption@parindent=\dimen162
\caption@hangindent=\dimen163
Package caption Info: Standard document class detected.
)
\c@caption@flags=\count191
\c@continuedfloat=\count192
)
(/usr/share/texlive/texmf-dist/tex/latex/caption/subcaption.sty
Package: subcaption 2020/01/22 v1.3d Sub-captions (AR)
\c@subfigure=\count193
\c@subtable=\count194
)
(/usr/share/texlive/texmf-dist/tex/latex/pgf/frontendlayer/tikz.sty
(/usr/share/texlive/texmf-dist/tex/latex/pgf/basiclayer/pgf.sty
(/usr/share/texlive/texmf-dist/tex/latex/pgf/utilities/pgfrcs.sty
(/usr/share/texlive/texmf-dist/tex/generic/pgf/utilities/pgfutil-common.tex
\pgfutil@everybye=\toks22
\pgfutil@tempdima=\dimen164
\pgfutil@tempdimb=\dimen165

(/usr/share/texlive/texmf-dist/tex/generic/pgf/utilities/pgfutil-common-lists.t
ex)) (/usr/share/texlive/texmf-dist/tex/generic/pgf/utilities/pgfutil-latex.def
\pgfutil@abb=\box49
(/usr/share/texlive/texmf-dist/tex/latex/ms/everyshi.sty
Package: everyshi 2001/05/15 v3.00 EveryShipout Package (MS)
))
(/usr/share/texlive/texmf-dist/tex/generic/pgf/utilities/pgfrcs.code.tex
(/usr/share/texlive/texmf-dist/tex/generic/pgf/pgf.revision.tex)
Package: pgfrcs 2020/01/08 v3.1.5b (3.1.5b)
))
Package: pgf 2020/01/08 v3.1.5b (3.1.5b)

(/usr/share/texlive/texmf-dist/tex/latex/pgf/basiclayer/pgfcore.sty
(/usr/share/texlive/texmf-dist/tex/latex/pgf/systemlayer/pgfsys.sty
(/usr/share/texlive/texmf-dist/tex/generic/pgf/systemlayer/pgfsys.code.tex
Package: pgfsys 2020/01/08 v3.1.5b (3.1.5b)

(/usr/share/texlive/texmf-dist/tex/generic/pgf/utilities/pgfkeys.code.tex
\pgfkeys@pathtoks=\toks23
\pgfkeys@temptoks=\toks24

(/usr/share/texlive/texmf-dist/tex/generic/pgf/utilities/pgfkeysfiltered.code.t
ex
\pgfkeys@tmptoks=\toks25
))
\pgf@x=\dimen166
\pgf@y=\dimen167
\pgf@xa=\dimen168
\pgf@ya=\dimen169
\pgf@xb=\dimen170
\pgf@yb=\dimen171
\pgf@xc=\dimen172
\pgf@yc=\dimen173
\pgf@xd=\dimen174
\pgf@yd=\dimen175
\w@pgf@writea=\write3
\r@pgf@reada=\read2
\c@pgf@counta=\count195
\c@pgf@countb=\count196
\c@pgf@countc=\count197
\c@pgf@countd=\count198
\t@pgf@toka=\toks26
\t@pgf@tokb=\toks27
\t@pgf@tokc=\toks28
\pgf@sys@id@count=\count199
 (/usr/share/texlive/texmf-dist/tex/generic/pgf/systemlayer/pgf.cfg
File: pgf.cfg 2020/01/08 v3.1.5b (3.1.5b)
)
Driver file for pgf: pgfsys-pdftex.def

(/usr/share/texlive/texmf-dist/tex/generic/pgf/systemlayer/pgfsys-pdftex.def
File: pgfsys-pdftex.def 2020/01/08 v3.1.5b (3.1.5b)

(/usr/share/texlive/texmf-dist/tex/generic/pgf/systemlayer/pgfsys-common-pdf.de
f
File: pgfsys-common-pdf.def 2020/01/08 v3.1.5b (3.1.5b)
)))
(/usr/share/texlive/texmf-dist/tex/generic/pgf/systemlayer/pgfsyssoftpath.code.
tex
File: pgfsyssoftpath.code.tex 2020/01/08 v3.1.5b (3.1.5b)
\pgfsyssoftpath@smallbuffer@items=\count266
\pgfsyssoftpath@bigbuffer@items=\count267
)
(/usr/share/texlive/texmf-dist/tex/generic/pgf/systemlayer/pgfsysprotocol.code.
tex
File: pgfsysprotocol.code.tex 2020/01/08 v3.1.5b (3.1.5b)
)) (/usr/share/texlive/texmf-dist/tex/latex/xcolor/xcolor.sty
Package: xcolor 2016/05/11 v2.12 LaTeX color extensions (UK)

(/usr/share/texlive/texmf-dist/tex/latex/graphics-cfg/color.cfg
File: color.cfg 2016/01/02 v1.6 sample color configuration
)
Package xcolor Info: Driver file: pdftex.def on input line 225.
Package xcolor Info: Model `cmy' substituted by `cmy0' on input line 1348.
Package xcolor Info: Model `hsb' substituted by `rgb' on input line 1352.
Package xcolor Info: Model `RGB' extended on input line 1364.
Package xcolor Info: Model `HTML' substituted by `rgb' on input line 1366.
Package xcolor Info: Model `Hsb' substituted by `hsb' on input line 1367.
Package xcolor Info: Model `tHsb' substituted by `hsb' on input line 1368.
Package xcolor Info: Model `HSB' substituted by `hsb' on input line 1369.
Package xcolor Info: Model `Gray' substituted by `gray' on input line 1370.
Package xcolor Info: Model `wave' substituted by `hsb' on input line 1371.
)
(/usr/share/texlive/texmf-dist/tex/generic/pgf/basiclayer/pgfcore.code.tex
Package: pgfcore 2020/01/08 v3.1.5b (3.1.5b)

(/usr/share/texlive/texmf-dist/tex/generic/pgf/math/pgfmath.code.tex
(/usr/share/texlive/texmf-dist/tex/generic/pgf/math/pgfmathcalc.code.tex
(/usr/share/texlive/texmf-dist/tex/generic/pgf/math/pgfmathutil.code.tex)
(/usr/share/texlive/texmf-dist/tex/generic/pgf/math/pgfmathparser.code.tex
\pgfmath@dimen=\dimen176
\pgfmath@count=\count268
\pgfmath@box=\box50
\pgfmath@toks=\toks29
\pgfmath@stack@operand=\toks30
\pgfmath@stack@operation=\toks31
)
(/usr/share/texlive/texmf-dist/tex/generic/pgf/math/pgfmathfunctions.code.tex
(/usr/share/texlive/texmf-dist/tex/generic/pgf/math/pgfmathfunctions.basic.code
.tex)
(/usr/share/texlive/texmf-dist/tex/generic/pgf/math/pgfmathfunctions.trigonomet
ric.code.tex)
(/usr/share/texlive/texmf-dist/tex/generic/pgf/math/pgfmathfunctions.random.cod
e.tex)
(/usr/share/texlive/texmf-dist/tex/generic/pgf/math/pgfmathfunctions.comparison
.code.tex)
(/usr/share/texlive/texmf-dist/tex/generic/pgf/math/pgfmathfunctions.base.code.
tex)
(/usr/share/texlive/texmf-dist/tex/generic/pgf/math/pgfmathfunctions.round.code
.tex)
(/usr/share/texlive/texmf-dist/tex/generic/pgf/math/pgfmathfunctions.misc.code.
tex)
(/usr/share/texlive/texmf-dist/tex/generic/pgf/math/pgfmathfunctions.integerari
thmetics.code.tex)))
(/usr/share/texlive/texmf-dist/tex/generic/pgf/math/pgfmathfloat.code.tex
\c@pgfmathroundto@lastzeros=\count269
))
(/usr/share/texlive/texmf-dist/tex/generic/pgf/math/pgfint.code.tex)
(/usr/share/texlive/texmf-dist/tex/generic/pgf/basiclayer/pgfcorepoints.code.te
x
File: pgfcorepoints.code.tex 2020/01/08 v3.1.5b (3.1.5b)
\pgf@picminx=\dimen177
\pgf@picmaxx=\dimen178
\pgf@picminy=\dimen179
\pgf@picmaxy=\dimen180
\pgf@pathminx=\dimen181
\pgf@pathmaxx=\dimen182
\pgf@pathminy=\dimen183
\pgf@pathmaxy=\dimen184
\pgf@xx=\dimen185
\pgf@xy=\dimen186
\pgf@yx=\dimen187
\pgf@yy=\dimen188
\pgf@zx=\dimen189
\pgf@zy=\dimen190
)
(/usr/share/texlive/texmf-dist/tex/generic/pgf/basiclayer/pgfcorepathconstruct.
code.tex
File: pgfcorepathconstruct.code.tex 2020/01/08 v3.1.5b (3.1.5b)
\pgf@path@lastx=\dimen191
\pgf@path@lasty=\dimen192
)
(/usr/share/texlive/texmf-dist/tex/generic/pgf/basiclayer/pgfcorepathusage.code
.tex
File: pgfcorepathusage.code.tex 2020/01/08 v3.1.5b (3.1.5b)
\pgf@shorten@end@additional=\dimen193
\pgf@shorten@start@additional=\dimen194
)
(/usr/share/texlive/texmf-dist/tex/generic/pgf/basiclayer/pgfcorescopes.code.te
x
File: pgfcorescopes.code.tex 2020/01/08 v3.1.5b (3.1.5b)
\pgfpic=\box51
\pgf@hbox=\box52
\pgf@layerbox@main=\box53
\pgf@picture@serial@count=\count270
)
(/usr/share/texlive/texmf-dist/tex/generic/pgf/basiclayer/pgfcoregraphicstate.c
ode.tex
File: pgfcoregraphicstate.code.tex 2020/01/08 v3.1.5b (3.1.5b)
\pgflinewidth=\dimen195
)
(/usr/share/texlive/texmf-dist/tex/generic/pgf/basiclayer/pgfcoretransformation
s.code.tex
File: pgfcoretransformations.code.tex 2020/01/08 v3.1.5b (3.1.5b)
\pgf@pt@x=\dimen196
\pgf@pt@y=\dimen197
\pgf@pt@temp=\dimen198
)
(/usr/share/texlive/texmf-dist/tex/generic/pgf/basiclayer/pgfcorequick.code.tex
File: pgfcorequick.code.tex 2020/01/08 v3.1.5b (3.1.5b)
)
(/usr/share/texlive/texmf-dist/tex/generic/pgf/basiclayer/pgfcoreobjects.code.t
ex
File: pgfcoreobjects.code.tex 2020/01/08 v3.1.5b (3.1.5b)
)
(/usr/share/texlive/texmf-dist/tex/generic/pgf/basiclayer/pgfcorepathprocessing
.code.tex
File: pgfcorepathprocessing.code.tex 2020/01/08 v3.1.5b (3.1.5b)
)
(/usr/share/texlive/texmf-dist/tex/generic/pgf/basiclayer/pgfcorearrows.code.te
x
File: pgfcorearrows.code.tex 2020/01/08 v3.1.5b (3.1.5b)
\pgfarrowsep=\dimen199
)
(/usr/share/texlive/texmf-dist/tex/generic/pgf/basiclayer/pgfcoreshade.code.tex
File: pgfcoreshade.code.tex 2020/01/08 v3.1.5b (3.1.5b)
\pgf@max=\dimen256
\pgf@sys@shading@range@num=\count271
\pgf@shadingcount=\count272
)
(/usr/share/texlive/texmf-dist/tex/generic/pgf/basiclayer/pgfcoreimage.code.tex
File: pgfcoreimage.code.tex 2020/01/08 v3.1.5b (3.1.5b)

(/usr/share/texlive/texmf-dist/tex/generic/pgf/basiclayer/pgfcoreexternal.code.
tex
File: pgfcoreexternal.code.tex 2020/01/08 v3.1.5b (3.1.5b)
\pgfexternal@startupbox=\box54
))
(/usr/share/texlive/texmf-dist/tex/generic/pgf/basiclayer/pgfcorelayers.code.te
x
File: pgfcorelayers.code.tex 2020/01/08 v3.1.5b (3.1.5b)
)
(/usr/share/texlive/texmf-dist/tex/generic/pgf/basiclayer/pgfcoretransparency.c
ode.tex
File: pgfcoretransparency.code.tex 2020/01/08 v3.1.5b (3.1.5b)
)
(/usr/share/texlive/texmf-dist/tex/generic/pgf/basiclayer/pgfcorepatterns.code.
tex
File: pgfcorepatterns.code.tex 2020/01/08 v3.1.5b (3.1.5b)
)
(/usr/share/texlive/texmf-dist/tex/generic/pgf/basiclayer/pgfcorerdf.code.tex
File: pgfcorerdf.code.tex 2020/01/08 v3.1.5b (3.1.5b)
)))
(/usr/share/texlive/texmf-dist/tex/generic/pgf/modules/pgfmoduleshapes.code.tex
File: pgfmoduleshapes.code.tex 2020/01/08 v3.1.5b (3.1.5b)
\pgfnodeparttextbox=\box55
) (/usr/share/texlive/texmf-dist/tex/generic/pgf/modules/pgfmoduleplot.code.tex
File: pgfmoduleplot.code.tex 2020/01/08 v3.1.5b (3.1.5b)
)
(/usr/share/texlive/texmf-dist/tex/latex/pgf/compatibility/pgfcomp-version-0-65
.sty
Package: pgfcomp-version-0-65 2020/01/08 v3.1.5b (3.1.5b)
\pgf@nodesepstart=\dimen257
\pgf@nodesepend=\dimen258
)
(/usr/share/texlive/texmf-dist/tex/latex/pgf/compatibility/pgfcomp-version-1-18
.sty
Package: pgfcomp-version-1-18 2020/01/08 v3.1.5b (3.1.5b)
)) (/usr/share/texlive/texmf-dist/tex/latex/pgf/utilities/pgffor.sty
(/usr/share/texlive/texmf-dist/tex/latex/pgf/utilities/pgfkeys.sty
(/usr/share/texlive/texmf-dist/tex/generic/pgf/utilities/pgfkeys.code.tex))
(/usr/share/texlive/texmf-dist/tex/latex/pgf/math/pgfmath.sty
(/usr/share/texlive/texmf-dist/tex/generic/pgf/math/pgfmath.code.tex))
(/usr/share/texlive/texmf-dist/tex/generic/pgf/utilities/pgffor.code.tex
Package: pgffor 2020/01/08 v3.1.5b (3.1.5b)

(/usr/share/texlive/texmf-dist/tex/generic/pgf/math/pgfmath.code.tex)
\pgffor@iter=\dimen259
\pgffor@skip=\dimen260
\pgffor@stack=\toks32
\pgffor@toks=\toks33
))
(/usr/share/texlive/texmf-dist/tex/generic/pgf/frontendlayer/tikz/tikz.code.tex
Package: tikz 2020/01/08 v3.1.5b (3.1.5b)

(/usr/share/texlive/texmf-dist/tex/generic/pgf/libraries/pgflibraryplothandlers
.code.tex
File: pgflibraryplothandlers.code.tex 2020/01/08 v3.1.5b (3.1.5b)
\pgf@plot@mark@count=\count273
\pgfplotmarksize=\dimen261
)
\tikz@lastx=\dimen262
\tikz@lasty=\dimen263
\tikz@lastxsaved=\dimen264
\tikz@lastysaved=\dimen265
\tikz@lastmovetox=\dimen266
\tikz@lastmovetoy=\dimen267
\tikzleveldistance=\dimen268
\tikzsiblingdistance=\dimen269
\tikz@figbox=\box56
\tikz@figbox@bg=\box57
\tikz@tempbox=\box58
\tikz@tempbox@bg=\box59
\tikztreelevel=\count274
\tikznumberofchildren=\count275
\tikznumberofcurrentchild=\count276
\tikz@fig@count=\count277

(/usr/share/texlive/texmf-dist/tex/generic/pgf/modules/pgfmodulematrix.code.tex
File: pgfmodulematrix.code.tex 2020/01/08 v3.1.5b (3.1.5b)
\pgfmatrixcurrentrow=\count278
\pgfmatrixcurrentcolumn=\count279
\pgf@matrix@numberofcolumns=\count280
)
\tikz@expandcount=\count281

(/usr/share/texlive/texmf-dist/tex/generic/pgf/frontendlayer/tikz/libraries/tik
zlibrarytopaths.code.tex
File: tikzlibrarytopaths.code.tex 2020/01/08 v3.1.5b (3.1.5b)
)))
(/usr/share/texlive/texmf-dist/tex/generic/pgf/frontendlayer/tikz/libraries/tik
zlibrarycalc.code.tex
File: tikzlibrarycalc.code.tex 2020/01/08 v3.1.5b (3.1.5b)
)
(/usr/share/texlive/texmf-dist/tex/latex/l3backend/l3backend-pdfmode.def
File: l3backend-pdfmode.def 2020-02-03 L3 backend support: PDF mode
\l__kernel_color_stack_int=\count282
\l__pdf_internal_box=\box60
)
(./main.aux

LaTeX Warning: Label `Figure1' multiply defined.


LaTeX Warning: Label `eq:208' multiply defined.


LaTeX Warning: Label `fig:sub1' multiply defined.


LaTeX Warning: Label `sub@fig:sub1' multiply defined.


LaTeX Warning: Label `fig:sub2' multiply defined.


LaTeX Warning: Label `sub@fig:sub2' multiply defined.


LaTeX Warning: Label `fig:test' multiply defined.


LaTeX Warning: Label `fig:sub1' multiply defined.


LaTeX Warning: Label `sub@fig:sub1' multiply defined.


LaTeX Warning: Label `fig:sub2' multiply defined.


LaTeX Warning: Label `sub@fig:sub2' multiply defined.


LaTeX Warning: Label `fig:test' multiply defined.


LaTeX Warning: Label `fig:sub1' multiply defined.


LaTeX Warning: Label `sub@fig:sub1' multiply defined.


LaTeX Warning: Label `fig:sub2' multiply defined.


LaTeX Warning: Label `sub@fig:sub2' multiply defined.


LaTeX Warning: Label `fig:test' multiply defined.


LaTeX Warning: Label `fig:sub1' multiply defined.


LaTeX Warning: Label `sub@fig:sub1' multiply defined.


LaTeX Warning: Label `fig:sub2' multiply defined.


LaTeX Warning: Label `sub@fig:sub2' multiply defined.


LaTeX Warning: Label `fig:test' multiply defined.


LaTeX Warning: Label `fig:sub1' multiply defined.


LaTeX Warning: Label `sub@fig:sub1' multiply defined.


LaTeX Warning: Label `fig:sub2' multiply defined.


LaTeX Warning: Label `sub@fig:sub2' multiply defined.


LaTeX Warning: Label `fig:test' multiply defined.


LaTeX Warning: Label `fig:sub1' multiply defined.


LaTeX Warning: Label `sub@fig:sub1' multiply defined.


LaTeX Warning: Label `fig:sub2' multiply defined.


LaTeX Warning: Label `sub@fig:sub2' multiply defined.


LaTeX Warning: Label `fig:test' multiply defined.


LaTeX Warning: Label `fig:sub1' multiply defined.


LaTeX Warning: Label `sub@fig:sub1' multiply defined.


LaTeX Warning: Label `fig:sub2' multiply defined.


LaTeX Warning: Label `sub@fig:sub2' multiply defined.


LaTeX Warning: Label `fig:test' multiply defined.


LaTeX Warning: Label `fig:sub1' multiply defined.


LaTeX Warning: Label `sub@fig:sub1' multiply defined.


LaTeX Warning: Label `fig:sub2' multiply defined.


LaTeX Warning: Label `sub@fig:sub2' multiply defined.


LaTeX Warning: Label `fig:test' multiply defined.


LaTeX Warning: Label `fig:sub1' multiply defined.


LaTeX Warning: Label `sub@fig:sub1' multiply defined.


LaTeX Warning: Label `fig:sub2' multiply defined.


LaTeX Warning: Label `sub@fig:sub2' multiply defined.


LaTeX Warning: Label `fig:test' multiply defined.


LaTeX Warning: Label `fig:sub1' multiply defined.


LaTeX Warning: Label `sub@fig:sub1' multiply defined.


LaTeX Warning: Label `fig:sub2' multiply defined.


LaTeX Warning: Label `sub@fig:sub2' multiply defined.


LaTeX Warning: Label `fig:test' multiply defined.

)
\openout1 = `main.aux'.

LaTeX Font Info:    Checking defaults for OML/cmm/m/it on input line 21.
LaTeX Font Info:    ... okay on input line 21.
LaTeX Font Info:    Checking defaults for OMS/cmsy/m/n on input line 21.
LaTeX Font Info:    ... okay on input line 21.
LaTeX Font Info:    Checking defaults for OT1/cmr/m/n on input line 21.
LaTeX Font Info:    ... okay on input line 21.
LaTeX Font Info:    Checking defaults for T1/cmr/m/n on input line 21.
LaTeX Font Info:    ... okay on input line 21.
LaTeX Font Info:    Checking defaults for TS1/cmr/m/n on input line 21.
LaTeX Font Info:    ... okay on input line 21.
LaTeX Font Info:    Checking defaults for OMX/cmex/m/n on input line 21.
LaTeX Font Info:    ... okay on input line 21.
LaTeX Font Info:    Checking defaults for U/cmr/m/n on input line 21.
LaTeX Font Info:    ... okay on input line 21.
 (/usr/share/texlive/texmf-dist/tex/context/base/mkii/supp-pdf.mkii
[Loading MPS to PDF converter (version 2006.09.02).]
\scratchcounter=\count283
\scratchdimen=\dimen270
\scratchbox=\box61
\nofMPsegments=\count284
\nofMParguments=\count285
\everyMPshowfont=\toks34
\MPscratchCnt=\count286
\MPscratchDim=\dimen271
\MPnumerator=\count287
\makeMPintoPDFobject=\count288
\everyMPtoPDFconversion=\toks35
) (/usr/share/texlive/texmf-dist/tex/latex/epstopdf-pkg/epstopdf-base.sty
Package: epstopdf-base 2020-01-24 v2.11 Base part for package epstopdf
Package epstopdf-base Info: Redefining graphics rule for `.eps' on input line 4
85.

(/usr/share/texlive/texmf-dist/tex/latex/latexconfig/epstopdf-sys.cfg
File: epstopdf-sys.cfg 2010/07/13 v1.3 Configuration of (r)epstopdf for TeX Liv
e
))
*geometry* driver: auto-detecting
*geometry* detected driver: pdftex
*geometry* verbose mode - [ preamble ] result:
* driver: pdftex
* paper: <default>
* layout: <same size as paper>
* layoutoffset:(h,v)=(0.0pt,0.0pt)
* modes: 
* h-part:(L,W,R)=(72.26999pt, 469.75502pt, 72.26999pt)
* v-part:(T,H,B)=(72.26999pt, 650.43001pt, 72.26999pt)
* \paperwidth=614.295pt
* \paperheight=794.96999pt
* \textwidth=469.75502pt
* \textheight=650.43001pt
* \oddsidemargin=0.0pt
* \evensidemargin=0.0pt
* \topmargin=-37.0pt
* \headheight=12.0pt
* \headsep=25.0pt
* \topskip=10.0pt
* \footskip=30.0pt
* \marginparwidth=65.0pt
* \marginparsep=11.0pt
* \columnsep=10.0pt
* \skip\footins=9.0pt plus 4.0pt minus 2.0pt
* \hoffset=0.0pt
* \voffset=0.0pt
* \mag=1000
* \@twocolumnfalse
* \@twosidefalse
* \@mparswitchfalse
* \@reversemarginfalse
* (1in=72.27pt=25.4mm, 1cm=28.453pt)

Package caption Info: Begin \AtBeginDocument code.
Package caption Info: End \AtBeginDocument code.
ABD: EveryShipout initializing macros
<ntua.jpg, id=4, 48.18pt x 48.18pt>
File: ntua.jpg Graphic file (type jpg)
<use ntua.jpg>
Package pdftex.def Info: ntua.jpg  used on input line 39.
(pdftex.def)             Requested size: 48.17986pt x 48.17986pt.
LaTeX Font Info:    Trying to load font information for U+msa on input line 39.


(/usr/share/texlive/texmf-dist/tex/latex/amsfonts/umsa.fd
File: umsa.fd 2013/01/14 v3.01 AMS symbols A
)
LaTeX Font Info:    Trying to load font information for U+msb on input line 39.


(/usr/share/texlive/texmf-dist/tex/latex/amsfonts/umsb.fd
File: umsb.fd 2013/01/14 v3.01 AMS symbols B
) [1

{/var/lib/texmf/fonts/map/pdftex/updmap/pdftex.map} <./ntua.jpg>] [2]
Underfull \hbox (badness 10000) in paragraph at lines 52--55

 []


Underfull \hbox (badness 10000) in paragraph at lines 56--57

 []

[3]
Underfull \hbox (badness 10000) in paragraph at lines 65--66

 []


Underfull \hbox (badness 10000) in paragraph at lines 67--68

 []


Underfull \hbox (badness 10000) in paragraph at lines 69--70

 []

[4] (./main.toc [5])
\tf@toc=\write4
\openout4 = `main.toc'.


Underfull \hbox (badness 10000) in paragraph at lines 83--85

 []


Underfull \hbox (badness 10000) in paragraph at lines 93--94

 []

[6]
Underfull \hbox (badness 10000) in paragraph at lines 114--115

 []


Underfull \hbox (badness 10000) in paragraph at lines 147--148

 []

<doublewell.png, id=39, 607.26875pt x 485.815pt>
File: doublewell.png Graphic file (type png)
<use doublewell.png>
Package pdftex.def Info: doublewell.png  used on input line 154.
(pdftex.def)             Requested size: 242.9032pt x 194.32256pt.

Underfull \hbox (badness 10000) in paragraph at lines 163--164

 []


Underfull \hbox (badness 10000) in paragraph at lines 165--166

 []


Underfull \hbox (badness 10000) in paragraph at lines 182--183

 []

[7]
Underfull \hbox (badness 10000) in paragraph at lines 196--197

 []


Underfull \hbox (badness 10000) in paragraph at lines 198--199

 []


Underfull \hbox (badness 10000) in paragraph at lines 210--211

 []

[8 <./doublewell.png>]
Underfull \hbox (badness 10000) in paragraph at lines 219--220

 []


Underfull \hbox (badness 10000) in paragraph at lines 238--239

 []

<biquadratic.png, id=51, 1176.395pt x 556.0775pt>
File: biquadratic.png Graphic file (type png)
<use biquadratic.png>
Package pdftex.def Info: biquadratic.png  used on input line 263.
(pdftex.def)             Requested size: 352.92123pt x 166.82454pt.
[9] [10 <./biquadratic.png>]
Underfull \hbox (badness 10000) in paragraph at lines 270--271

 []


Underfull \hbox (badness 10000) in paragraph at lines 291--292

 []


Underfull \hbox (badness 10000) in paragraph at lines 300--301

 []


Underfull \hbox (badness 10000) in paragraph at lines 300--301

 []


Underfull \hbox (badness 10000) in paragraph at lines 300--301

 []


Underfull \hbox (badness 10000) in paragraph at lines 304--305

 []


Underfull \hbox (badness 10000) in paragraph at lines 310--311

 []


Underfull \hbox (badness 10000) in paragraph at lines 313--314

 []

[11]
Underfull \hbox (badness 10000) in paragraph at lines 315--316

 []


Underfull \hbox (badness 10000) in paragraph at lines 320--321

 []


LaTeX Warning: Citation `Hairer1987' on page 12 undefined on input line 340.


LaTeX Warning: Citation `Hughes2012' on page 12 undefined on input line 340.

[12] [13] [14]

LaTeX Warning: Citation `cite_key' on page 15 undefined on input line 499.

[15] [16] [17]
Overfull \hbox (58.92424pt too wide) detected at line 686
[][]
 []


Underfull \hbox (badness 10000) in paragraph at lines 696--699

 []

[18]
Underfull \hbox (badness 10000) in paragraph at lines 752--753

 []


Underfull \hbox (badness 10000) in paragraph at lines 754--755

 []


Underfull \hbox (badness 10000) in paragraph at lines 757--758

 []


Underfull \hbox (badness 10000) in paragraph at lines 759--760

 []

[19]
Underfull \hbox (badness 10000) in paragraph at lines 765--767

 []


Underfull \hbox (badness 10000) in paragraph at lines 768--769

 []


Underfull \hbox (badness 10000) in paragraph at lines 778--779

 []


Underfull \hbox (badness 10000) in paragraph at lines 781--782

 []


Underfull \hbox (badness 10000) in paragraph at lines 783--784

 []


Underfull \hbox (badness 10000) in paragraph at lines 783--784

 []


Underfull \hbox (badness 10000) in paragraph at lines 789--790

 []


Underfull \hbox (badness 10000) in paragraph at lines 789--790

 []


Underfull \hbox (badness 10000) in paragraph at lines 791--792

 []


Underfull \hbox (badness 10000) in paragraph at lines 791--792

 []


Underfull \hbox (badness 10000) in paragraph at lines 793--794

 []


Underfull \hbox (badness 10000) in paragraph at lines 793--794

 []

[20]
Underfull \hbox (badness 10000) in paragraph at lines 795--796

 []


Underfull \hbox (badness 10000) in paragraph at lines 795--796

 []


Underfull \hbox (badness 10000) in paragraph at lines 797--798

 []


Underfull \hbox (badness 10000) in paragraph at lines 797--798

 []


Underfull \hbox (badness 10000) in paragraph at lines 799--800

 []


Underfull \hbox (badness 10000) in paragraph at lines 799--800

 []


Underfull \hbox (badness 10000) in paragraph at lines 808--809

 []


Underfull \hbox (badness 10000) in paragraph at lines 808--809

 []


Underfull \hbox (badness 10000) in paragraph at lines 810--811

 []


Underfull \hbox (badness 10000) in paragraph at lines 818--819

 []


Underfull \hbox (badness 10000) in paragraph at lines 818--819

 []


Underfull \hbox (badness 10000) in paragraph at lines 820--821

 []


Underfull \hbox (badness 10000) in paragraph at lines 823--824

 []


Underfull \hbox (badness 10000) in paragraph at lines 823--824

 []


Underfull \hbox (badness 10000) in paragraph at lines 825--826

 []


Underfull \hbox (badness 10000) in paragraph at lines 828--829

 []


Underfull \hbox (badness 10000) in paragraph at lines 828--829

 []


Underfull \hbox (badness 10000) in paragraph at lines 832--833

 []


Underfull \hbox (badness 10000) in paragraph at lines 832--833

 []


Underfull \hbox (badness 10000) in paragraph at lines 834--835

 []


Underfull \hbox (badness 10000) in paragraph at lines 834--835

 []


Underfull \hbox (badness 10000) in paragraph at lines 836--837

 []


Underfull \hbox (badness 10000) in paragraph at lines 836--837

 []

[21] [22]
<initial.png, id=99, 481.8pt x 361.35pt>
File: initial.png Graphic file (type png)
<use initial.png>
Package pdftex.def Info: initial.png  used on input line 850.
(pdftex.def)             Requested size: 234.8775pt x 176.1588pt.
<100dt.png, id=100, 481.8pt x 361.35pt>
File: 100dt.png Graphic file (type png)
<use 100dt.png>
Package pdftex.def Info: 100dt.png  used on input line 856.
(pdftex.def)             Requested size: 234.8775pt x 176.1588pt.
<500dt.png, id=101, 481.8pt x 361.35pt>
File: 500dt.png Graphic file (type png)
<use 500dt.png>
Package pdftex.def Info: 500dt.png  used on input line 868.
(pdftex.def)             Requested size: 234.8775pt x 176.1588pt.
<2000dt.png, id=102, 481.8pt x 361.35pt>
File: 2000dt.png Graphic file (type png)
<use 2000dt.png>
Package pdftex.def Info: 2000dt.png  used on input line 874.
(pdftex.def)             Requested size: 234.8775pt x 176.1588pt.
<3500dt.png, id=103, 481.8pt x 361.35pt>
File: 3500dt.png Graphic file (type png)
<use 3500dt.png>
Package pdftex.def Info: 3500dt.png  used on input line 886.
(pdftex.def)             Requested size: 234.8775pt x 176.1588pt.
<5000dt.png, id=104, 481.8pt x 361.35pt>
File: 5000dt.png Graphic file (type png)
<use 5000dt.png>
Package pdftex.def Info: 5000dt.png  used on input line 892.
(pdftex.def)             Requested size: 234.8775pt x 176.1588pt.
 [23 <./initial.png (PNG copy)> <./100dt.png (PNG copy)> <./500dt.png (PNG copy
)> <./2000dt.png (PNG copy)> <./3500dt.png (PNG copy)> <./5000dt.png (PNG copy)
>]
Underfull \hbox (badness 10000) in paragraph at lines 909--910

 []


Underfull \hbox (badness 10000) in paragraph at lines 915--916

 []


Underfull \hbox (badness 10000) in paragraph at lines 918--919

 []


Underfull \hbox (badness 10000) in paragraph at lines 929--930

 []


Underfull \hbox (badness 10000) in paragraph at lines 931--932

 []


Underfull \hbox (badness 10000) in paragraph at lines 938--939

 []


Underfull \hbox (badness 10000) in paragraph at lines 940--941

 []


Underfull \hbox (badness 10000) in paragraph at lines 940--941

 []


Underfull \hbox (badness 10000) in paragraph at lines 940--941

 []


Underfull \hbox (badness 10000) in paragraph at lines 940--941

 []

[24


]
Underfull \hbox (badness 10000) in paragraph at lines 950--952

 []


Underfull \hbox (badness 10000) in paragraph at lines 955--956

 []


Underfull \hbox (badness 10000) in paragraph at lines 962--963

 []


Underfull \hbox (badness 10000) in paragraph at lines 965--966

 []

<rectangledomain2.png, id=113, 758.835pt x 405.515pt>
File: rectangledomain2.png Graphic file (type png)
<use rectangledomain2.png>
Package pdftex.def Info: rectangledomain2.png  used on input line 971.
(pdftex.def)             Requested size: 303.52863pt x 162.20311pt.

Underfull \hbox (badness 10000) in paragraph at lines 976--977

 []


Underfull \hbox (badness 10000) in paragraph at lines 979--980

 []

<numbering.png, id=114, 241.90375pt x 178.6675pt>
File: numbering.png Graphic file (type png)
<use numbering.png>
Package pdftex.def Info: numbering.png  used on input line 983.
(pdftex.def)             Requested size: 145.14336pt x 107.20131pt.

Underfull \hbox (badness 10000) in paragraph at lines 989--990

 []


Underfull \hbox (badness 10000) in paragraph at lines 993--995

 []

[25] [26 <./rectangledomain2.png> <./numbering.png>]
Underfull \hbox (badness 10000) in paragraph at lines 1001--1004

 []


Underfull \hbox (badness 10000) in paragraph at lines 1013--1014

 []


Underfull \hbox (badness 10000) in paragraph at lines 1025--1026

 []


Underfull \hbox (badness 10000) in paragraph at lines 1034--1035

 []


Underfull \hbox (badness 10000) in paragraph at lines 1036--1037

 []

[27]
Overfull \hbox (67.15723pt too wide) detected at line 1043
[]
 []


Underfull \hbox (badness 10000) in paragraph at lines 1043--1044

 []


Underfull \hbox (badness 10000) in paragraph at lines 1043--1044

 []


Underfull \hbox (badness 10000) in paragraph at lines 1048--1049

 []


Underfull \hbox (badness 10000) in paragraph at lines 1060--1061

 []


Underfull \hbox (badness 10000) in paragraph at lines 1062--1063

 []


Underfull \hbox (badness 10000) in paragraph at lines 1064--1065

 []


Underfull \hbox (badness 10000) in paragraph at lines 1069--1070

 []


Underfull \hbox (badness 10000) in paragraph at lines 1072--1073

 []


Underfull \hbox (badness 10000) in paragraph at lines 1084--1085

 []


Underfull \hbox (badness 10000) in paragraph at lines 1086--1087

 []

[28]
Underfull \hbox (badness 10000) in paragraph at lines 1097--1098

 []


Underfull \hbox (badness 10000) in paragraph at lines 1099--1100

 []


Underfull \hbox (badness 10000) in paragraph at lines 1101--1102

 []


Underfull \hbox (badness 10000) in paragraph at lines 1107--1108

 []


Underfull \hbox (badness 10000) in paragraph at lines 1107--1108

 []


Underfull \hbox (badness 10000) in paragraph at lines 1110--1112

 []


Underfull \hbox (badness 10000) in paragraph at lines 1110--1112

 []


Underfull \hbox (badness 10000) in paragraph at lines 1113--1114

 []


Underfull \hbox (badness 10000) in paragraph at lines 1113--1114

 []


Underfull \hbox (badness 10000) in paragraph at lines 1119--1120

 []


Underfull \hbox (badness 10000) in paragraph at lines 1119--1120

 []


Underfull \hbox (badness 10000) in paragraph at lines 1121--1122

 []


Underfull \hbox (badness 10000) in paragraph at lines 1121--1122

 []


Underfull \hbox (badness 10000) in paragraph at lines 1123--1124

 []


Underfull \hbox (badness 10000) in paragraph at lines 1123--1124

 []


Underfull \hbox (badness 10000) in paragraph at lines 1125--1126

 []


Underfull \hbox (badness 10000) in paragraph at lines 1125--1126

 []

[29]
Underfull \hbox (badness 10000) in paragraph at lines 1127--1128

 []


Underfull \hbox (badness 10000) in paragraph at lines 1127--1128

 []


Underfull \hbox (badness 10000) in paragraph at lines 1129--1130

 []


Underfull \hbox (badness 10000) in paragraph at lines 1129--1130

 []


Underfull \hbox (badness 10000) in paragraph at lines 1131--1132

 []


Underfull \hbox (badness 10000) in paragraph at lines 1131--1132

 []


Underfull \hbox (badness 10000) in paragraph at lines 1140--1141

 []


Underfull \hbox (badness 10000) in paragraph at lines 1140--1141

 []


Underfull \hbox (badness 10000) in paragraph at lines 1142--1143

 []


Underfull \hbox (badness 10000) in paragraph at lines 1142--1143

 []


Underfull \hbox (badness 10000) in paragraph at lines 1144--1145

 []


Underfull \hbox (badness 10000) in paragraph at lines 1152--1153

 []


Underfull \hbox (badness 10000) in paragraph at lines 1154--1155

 []


Underfull \hbox (badness 10000) in paragraph at lines 1157--1158

 []


Underfull \hbox (badness 10000) in paragraph at lines 1157--1158

 []


Underfull \hbox (badness 10000) in paragraph at lines 1159--1160

 []


Underfull \hbox (badness 10000) in paragraph at lines 1162--1163

 []


Underfull \hbox (badness 10000) in paragraph at lines 1162--1163

 []


Underfull \hbox (badness 10000) in paragraph at lines 1166--1167

 []


Underfull \hbox (badness 10000) in paragraph at lines 1166--1167

 []

[30]
Underfull \hbox (badness 10000) in paragraph at lines 1168--1169

 []


Underfull \hbox (badness 10000) in paragraph at lines 1168--1169

 []


Underfull \hbox (badness 10000) in paragraph at lines 1170--1171

 []


Underfull \hbox (badness 10000) in paragraph at lines 1170--1171

 []

[31]
<initialper.png, id=140, 481.8pt x 361.35pt>
File: initialper.png Graphic file (type png)
<use initialper.png>
Package pdftex.def Info: initialper.png  used on input line 1190.
(pdftex.def)             Requested size: 234.8775pt x 176.1588pt.
<30per.png, id=141, 481.8pt x 361.35pt>
File: 30per.png Graphic file (type png)
<use 30per.png>
Package pdftex.def Info: 30per.png  used on input line 1196.
(pdftex.def)             Requested size: 234.8775pt x 176.1588pt.
<100per.png, id=142, 481.8pt x 361.35pt>
File: 100per.png Graphic file (type png)
<use 100per.png>
Package pdftex.def Info: 100per.png  used on input line 1208.
(pdftex.def)             Requested size: 234.8775pt x 176.1588pt.
<500per.png, id=143, 481.8pt x 361.35pt>
File: 500per.png Graphic file (type png)
<use 500per.png>
Package pdftex.def Info: 500per.png  used on input line 1214.
(pdftex.def)             Requested size: 234.8775pt x 176.1588pt.
<1000per.png, id=144, 481.8pt x 361.35pt>
File: 1000per.png Graphic file (type png)
<use 1000per.png>
Package pdftex.def Info: 1000per.png  used on input line 1226.
(pdftex.def)             Requested size: 234.8775pt x 176.1588pt.
<5000per.png, id=145, 481.8pt x 361.35pt>
File: 5000per.png Graphic file (type png)
<use 5000per.png>
Package pdftex.def Info: 5000per.png  used on input line 1232.
(pdftex.def)             Requested size: 234.8775pt x 176.1588pt.
 [32 <./initialper.png (PNG copy)> <./30per.png (PNG copy)> <./100per.png (PNG 
copy)> <./500per.png (PNG copy)> <./1000per.png (PNG copy)> <./5000per.png (PNG
 copy)>] [33


]
Overfull \hbox (42.3376pt too wide) detected at line 1301
[]
 []


LaTeX Warning: Reference `AYMARD2019100010' on page 34 undefined on input line 
1304.

<initialcontact.png, id=152, 481.8pt x 361.35pt>
File: initialcontact.png Graphic file (type png)
<use initialcontact.png>
Package pdftex.def Info: initialcontact.png  used on input line 1333.
(pdftex.def)             Requested size: 234.8775pt x 176.1588pt.
<1000contact.png, id=153, 481.8pt x 361.35pt>
File: 1000contact.png Graphic file (type png)
<use 1000contact.png>
Package pdftex.def Info: 1000contact.png  used on input line 1339.
(pdftex.def)             Requested size: 234.8775pt x 176.1588pt.
<3000contact.png, id=154, 481.8pt x 361.35pt>
File: 3000contact.png Graphic file (type png)
<use 3000contact.png>
Package pdftex.def Info: 3000contact.png  used on input line 1351.
(pdftex.def)             Requested size: 234.8775pt x 176.1588pt.
<6000contact.png, id=155, 481.8pt x 361.35pt>
File: 6000contact.png Graphic file (type png)
<use 6000contact.png>
Package pdftex.def Info: 6000contact.png  used on input line 1357.
(pdftex.def)             Requested size: 234.8775pt x 176.1588pt.
<8000contact.png, id=156, 481.8pt x 361.35pt>
File: 8000contact.png Graphic file (type png)
<use 8000contact.png>
Package pdftex.def Info: 8000contact.png  used on input line 1369.
(pdftex.def)             Requested size: 234.8775pt x 176.1588pt.
<10000contact.png, id=157, 481.8pt x 361.35pt>
File: 10000contact.png Graphic file (type png)
<use 10000contact.png>
Package pdftex.def Info: 10000contact.png  used on input line 1375.
(pdftex.def)             Requested size: 234.8775pt x 176.1588pt.
[34] [35 <./initialcontact.png (PNG copy)> <./1000contact.png (PNG copy)> <./30
00contact.png (PNG copy)> <./6000contact.png (PNG copy)> <./8000contact.png (PN
G copy)> <./10000contact.png (PNG copy)>]
<1000contact3p4.png, id=165, 481.8pt x 361.35pt>
File: 1000contact3p4.png Graphic file (type png)
<use 1000contact3p4.png>
Package pdftex.def Info: 1000contact3p4.png  used on input line 1398.
(pdftex.def)             Requested size: 234.8775pt x 176.1588pt.
<3000contact3p4.png, id=166, 481.8pt x 361.35pt>
File: 3000contact3p4.png Graphic file (type png)
<use 3000contact3p4.png>
Package pdftex.def Info: 3000contact3p4.png  used on input line 1404.
(pdftex.def)             Requested size: 234.8775pt x 176.1588pt.
<6000contact3p4.png, id=167, 481.8pt x 361.35pt>
File: 6000contact3p4.png Graphic file (type png)
<use 6000contact3p4.png>
Package pdftex.def Info: 6000contact3p4.png  used on input line 1415.
(pdftex.def)             Requested size: 234.8775pt x 176.1588pt.
<10000contact3p4.png, id=168, 481.8pt x 361.35pt>
File: 10000contact3p4.png Graphic file (type png)
<use 10000contact3p4.png>
Package pdftex.def Info: 10000contact3p4.png  used on input line 1421.
(pdftex.def)             Requested size: 234.8775pt x 176.1588pt.
 [36 <./1000contact3p4.png (PNG copy)> <./3000contact3p4.png (PNG copy)> <./600
0contact3p4.png (PNG copy)> <./10000contact3p4.png (PNG copy)>] [37


]
Overfull \hbox (145.27881pt too wide) in paragraph at lines 1490--1491
[]\OT1/cmr/m/n/10 Import the re-quired de-pen-den-cies, in-clud-ing \OT1/cmtt/m
/n/10 iso[]fortran[]env\OT1/cmr/m/n/10 , \OT1/cmtt/m/n/10 BiCGStab[]mod\OT1/cmr
/m/n/10 , and \OT1/cmtt/m/n/10 PARAMETERS[]NEUMANN/PERIODIC/CONTACTANGLE.inc\OT
1/cmr/m/n/10 . 
 []

[38] [39] [40]
Overfull \hbox (86.74013pt too wide) in paragraph at lines 1698--1698
[]          \OT1/cmtt/m/n/10 CALL AssembleSystem(x,y,element,nop,u_old,u_new,w_
new,w_old,fjac1,fjac2,fjac3,fjac4,fvec1,fvec2)[] 
 []


Overfull \hbox (2.74086pt too wide) in paragraph at lines 1698--1698
[]          \OT1/cmtt/m/n/10 IF ((timepoint<=100 .and. MOD(timepoint,10)==0).or
.MOD(timepoint, 50) == 0) THEN[] 
 []

[41] [42] [43] [44]
Overfull \hbox (65.74031pt too wide) in paragraph at lines 1990--1990
[]\OT1/cmtt/m/n/10 SUBROUTINE AssembleSystem(x,y,element,nop,u_old,u_new,w_new,
w_old,fjac1,fjac2,fjac3,fjac4,fvec1,fvec2)[] 
 []

[45] [46]
Overfull \hbox (18.49072pt too wide) in paragraph at lines 1990--1990
[]         \OT1/cmtt/m/n/10 !   f(ngl(l)) = f(ngl(l)) + gw(r)*gw(k)*dett*(100.0
)*(ui**2)*(( 1.0 - ui)**2)*phi(l)[] 
 []


Overfull \hbox (165.48944pt too wide) in paragraph at lines 1990--1990
[]         \OT1/cmtt/m/n/10 !       J(ngl(l),ngl(m)) =  J(ngl(l),ngl(m)) + gw(r
)*gw(k)*dett*(200.0)*(ui*(1.0-ui)*(1.0-2.0*ui))*phi(l)*phi(m)[] 
 []


Overfull \hbox (165.48944pt too wide) in paragraph at lines 1990--1990
[]        \OT1/cmtt/m/n/10 !       J(ngl(l),ngl(m)) =  J(ngl(l),ngl(m)) + gw(r)
*gw(k)*dett*((3.0_real64)*(ui**2) - 1.0_real64)*phi(l)*phi(m)[] 
 []


Overfull \hbox (97.24004pt too wide) in paragraph at lines 1990--1990
[]        \OT1/cmtt/m/n/10 !       J(ngl(l),ngl(m)) =  J(ngl(l),ngl(m)) + gw(r)
*gw(k)*dett*((3.0_real64)*(ui**2))*phi(l)*phi(m)[] 
 []


Overfull \hbox (406.98734pt too wide) in paragraph at lines 1990--1990
[]            \OT1/cmtt/m/n/10 fvec1(ngl(l)) = fvec1(ngl(l)) + gw(r)*gw(k)*dett
*wi*phi(l) -gw(r)*gw(k)*dett*(100.0_real64)*(2.0_real64*ui - 6.0_real64*ui**2 +
 4.0_real64*ui**3 )*phi(l) &[] 
 []


Overfull \hbox (76.24022pt too wide) in paragraph at lines 1990--1990
[]              \OT1/cmtt/m/n/10 fvec2(ngl(l)) = fvec2(ngl(l)) + gw(r)*gw(k)*de
tt*ui*phi(l) - gw(r)*gw(k)*dett*u0i*phi(l) &[] 
 []


Overfull \hbox (228.48889pt too wide) in paragraph at lines 1990--1990
[]              \OT1/cmtt/m/n/10 + 0.5*(dt)*gw(r)*gw(k)*dett*(wx*tphx(l)+wy*tph
y(l)) + 0.5*(dt)*gw(r)*gw(k)*dett*(w0x*tphx(l)+w0y*tphy(l)) !theta fenics[] 
 []


Overfull \hbox (18.49072pt too wide) in paragraph at lines 1990--1990
[]                 \OT1/cmtt/m/n/10 fjac1(ngl(l),ngl(m)) = fjac1(ngl(l),ngl(m))
 + gw(r)*gw(k)*dett*phi(l)*phi(m)[] 
 []


Overfull \hbox (165.48944pt too wide) in paragraph at lines 1990--1990
[]                 \OT1/cmtt/m/n/10 fjac2(ngl(l),ngl(m)) = fjac2(ngl(l),ngl(m))
 -(e)**2*gw(r)*gw(k)*dett*(tphx(l)*tphx(m)+tphy(l)*tphy(m)) &[] 
 []


Overfull \hbox (133.98972pt too wide) in paragraph at lines 1990--1990
[]                 \OT1/cmtt/m/n/10 - gw(r)*gw(k)*dett*(100.0_real64)*((2.0_rea
l64 - 12.0_real64*ui+ 12.0_real64*ui**2))*phi(l)*phi(m)[] 
 []


Overfull \hbox (149.73958pt too wide) in paragraph at lines 1990--1990
[]                 \OT1/cmtt/m/n/10 fjac3(ngl(l),ngl(m)) = fjac3(ngl(l),ngl(m))
 + (dt)*gw(r)*gw(k)*dett*(tphx(l)*tphx(m)+tphy(l)*tphy(m))[] 
 []


Overfull \hbox (18.49072pt too wide) in paragraph at lines 1990--1990
[]                 \OT1/cmtt/m/n/10 fjac4(ngl(l),ngl(m)) = fjac4(ngl(l),ngl(m))
 + gw(r)*gw(k)*dett*phi(l)*phi(m)[] 
 []

[47] [48] [49]
Overfull \hbox (2.74086pt too wide) in paragraph at lines 2276--2276
[]     \OT1/cmtt/m/n/10 !>*****************************************************
******************************[] 
 []


Overfull \hbox (2.74086pt too wide) in paragraph at lines 2276--2276
[]     \OT1/cmtt/m/n/10 !>*****************************************************
******************************[] 
 []

[50]
Overfull \hbox (55.2404pt too wide) in paragraph at lines 2276--2276
[]          \OT1/cmtt/m/n/10 CALL AssembleSystem(x,y,element,nop,u_old,u_new,w_
new,fjac1,fjac2,fjac3,fjac4,fvec1,fvec2)[] 
 []

[51] [52]
Overfull \hbox (2.74086pt too wide) in paragraph at lines 2276--2276
[]         \OT1/cmtt/m/n/10 IF ((timepoint<=100 .and. MOD(timepoint,10)==0).or.
MOD(timepoint, 500) == 0) THEN[] 
 []


Overfull \hbox (102.48999pt too wide) in paragraph at lines 2669--2669
[]\OT1/cmtt/m/n/10 SUBROUTINE AssembleSystem(x,y,element,BoundaryElement,Bottom
Element,RightElement,TopElement,LeftElement,nop,&[] 
 []

[53] [54]
Overfull \hbox (91.99008pt too wide) in paragraph at lines 2669--2669
[]                  \OT1/cmtt/m/n/10 Dfluxb(ngl(l),ngl(m)) = Dfluxb(ngl(l),ngl(
m)) +gw(j)*dett*(- 2.0_real64*ui*phi(m))*phi(l)[] 
 []

[55]
Overfull \hbox (97.24004pt too wide) in paragraph at lines 2669--2669
[]                  \OT1/cmtt/m/n/10 Dfluxr(ngl(l),ngl(m)) = Dfluxr(ngl(l),ngl(
m)) + gw(j)*dett*(- 2.0_real64*ui*phi(m))*phi(l)[] 
 []

[56]
Overfull \hbox (97.24004pt too wide) in paragraph at lines 2669--2669
[]                  \OT1/cmtt/m/n/10 Dfluxt(ngl(l),ngl(m)) = Dfluxt(ngl(l),ngl(
m)) + gw(j)*dett*(- 2.0_real64*ui*phi(m))*phi(l)[] 
 []

[57]
Overfull \hbox (97.24004pt too wide) in paragraph at lines 2669--2669
[]                  \OT1/cmtt/m/n/10 Dfluxl(ngl(l),ngl(m)) = Dfluxl(ngl(l),ngl(
m)) + gw(j)*dett*(- 2.0_real64*ui*phi(m))*phi(l)[] 
 []


Overfull \hbox (76.24022pt too wide) in paragraph at lines 2669--2669
[]         \OT1/cmtt/m/n/10 + Dfluxb(ngl(l),ngl(m)) + Dfluxr(ngl(l),ngl(m)) + D
fluxt(ngl(l),ngl(m)) + Dfluxl(ngl(l),ngl(m))[] 
 []

[58]
Overfull \hbox (18.49072pt too wide) in paragraph at lines 2669--2669
[]         \OT1/cmtt/m/n/10 !   f(ngl(l)) = f(ngl(l)) + gw(r)*gw(k)*dett*(100.0
)*(ui**2)*(( 1.0 - ui)**2)*phi(l)[] 
 []


Overfull \hbox (165.48944pt too wide) in paragraph at lines 2669--2669
[]         \OT1/cmtt/m/n/10 !       J(ngl(l),ngl(m)) =  J(ngl(l),ngl(m)) + gw(r
)*gw(k)*dett*(200.0)*(ui*(1.0-ui)*(1.0-2.0*ui))*phi(l)*phi(m)[] 
 []

[59]
Overfull \hbox (165.48944pt too wide) in paragraph at lines 2669--2669
[]        \OT1/cmtt/m/n/10 !       J(ngl(l),ngl(m)) =  J(ngl(l),ngl(m)) + gw(r)
*gw(k)*dett*((3.0_real64)*(ui**2) - 1.0_real64)*phi(l)*phi(m)[] 
 []


Overfull \hbox (97.24004pt too wide) in paragraph at lines 2669--2669
[]        \OT1/cmtt/m/n/10 !       J(ngl(l),ngl(m)) =  J(ngl(l),ngl(m)) + gw(r)
*gw(k)*dett*((3.0_real64)*(ui**2))*phi(l)*phi(m)[] 
 []


Overfull \hbox (186.48926pt too wide) in paragraph at lines 2669--2669
[]            \OT1/cmtt/m/n/10 fvec1(ngl(l)) = fvec1(ngl(l)) + gw(r)*gw(k)*dett
*wi*phi(l) -(1.0_real64/e)*gw(r)*gw(k)*dett*(ui**3 - ui)*phi(l) &[] 
 []


Overfull \hbox (123.4898pt too wide) in paragraph at lines 2669--2669
[]             \OT1/cmtt/m/n/10 -(e)*gw(r)*gw(k)*dett*(ux*tphx(l)+uy*tphy(l)) +
(sqrt(2.0_real64)/2.0_real64)*cos(theta)*flux(ngl(l))[] 
 []


Overfull \hbox (81.49017pt too wide) in paragraph at lines 2669--2669
[]               \OT1/cmtt/m/n/10 fvec2(ngl(l)) = fvec2(ngl(l)) + gw(r)*gw(k)*d
ett*ui*phi(l) - gw(r)*gw(k)*dett*u0i*phi(l) &[] 
 []


Overfull \hbox (23.74068pt too wide) in paragraph at lines 2669--2669
[]                  \OT1/cmtt/m/n/10 fjac1(ngl(l),ngl(m)) = fjac1(ngl(l),ngl(m)
) + gw(r)*gw(k)*dett*phi(l)*phi(m)[] 
 []


Overfull \hbox (154.98953pt too wide) in paragraph at lines 2669--2669
[]                  \OT1/cmtt/m/n/10 fjac2(ngl(l),ngl(m)) = fjac2(ngl(l),ngl(m)
) -(e)*gw(r)*gw(k)*dett*(tphx(l)*tphx(m)+tphy(l)*tphy(m)) &[] 
 []


Overfull \hbox (391.23747pt too wide) in paragraph at lines 2669--2669
[]                  \OT1/cmtt/m/n/10 -(1.0_real64/e)* gw(r)*gw(k)*dett*((3.0_re
al64)*(ui**2) - 1.0_real64)*phi(l)*phi(m) +(sqrt(2.0_real64)/2.0_real64)*cos(th
eta)*Dflux(ngl(l),ngl(m))[] 
 []


Overfull \hbox (154.98953pt too wide) in paragraph at lines 2669--2669
[]                  \OT1/cmtt/m/n/10 fjac3(ngl(l),ngl(m)) = fjac3(ngl(l),ngl(m)
) + (dt)*gw(r)*gw(k)*dett*(tphx(l)*tphx(m)+tphy(l)*tphy(m))[] 
 []


Overfull \hbox (23.74068pt too wide) in paragraph at lines 2669--2669
[]                  \OT1/cmtt/m/n/10 fjac4(ngl(l),ngl(m)) = fjac4(ngl(l),ngl(m)
) + gw(r)*gw(k)*dett*phi(l)*phi(m)[] 
 []

[60]
Underfull \hbox (badness 10000) in paragraph at lines 2693--2694

 []


LaTeX Warning: Citation `ref18' on page 61 undefined on input line 2695.


LaTeX Warning: Citation `ref19' on page 61 undefined on input line 2701.


Underfull \hbox (badness 10000) in paragraph at lines 2705--2706

 []


LaTeX Warning: Citation `ref20' on page 61 undefined on input line 2707.

[61]

LaTeX Warning: Citation `ref21' on page 62 undefined on input line 2721.

(./main.bbl [62]) [63] (./main.aux)

LaTeX Warning: There were undefined references.


LaTeX Warning: There were multiply-defined labels.

 ) 
Here is how much of TeX's memory you used:
 14330 strings out of 483140
 279943 string characters out of 5965152
 498996 words of memory out of 5000000
 29060 multiletter control sequences out of 15000+600000
 544143 words of font info for 69 fonts, out of 8000000 for 9000
 36 hyphenation exceptions out of 8191
 60i,10n,60p,1084b,510s stack positions out of 5000i,500n,10000p,200000b,80000s
 </home/ichantz/.texlive2019/texmf-var/fonts/pk/ljfour/jknappen/ec/tcrm1000.6
00pk></usr/share/texlive/texmf-dist/fonts/type1/public/amsfonts/cm/cmbx10.pfb><
/usr/share/texlive/texmf-dist/fonts/type1/public/amsfonts/cm/cmbx12.pfb></usr/s
hare/texlive/texmf-dist/fonts/type1/public/amsfonts/cm/cmbx8.pfb></usr/share/te
xlive/texmf-dist/fonts/type1/public/amsfonts/cm/cmbx9.pfb></usr/share/texlive/t
exmf-dist/fonts/type1/public/amsfonts/cm/cmex10.pfb></usr/share/texlive/texmf-d
ist/fonts/type1/public/amsfonts/cm/cmmi10.pfb></usr/share/texlive/texmf-dist/fo
nts/type1/public/amsfonts/cm/cmmi5.pfb></usr/share/texlive/texmf-dist/fonts/typ
e1/public/amsfonts/cm/cmmi7.pfb></usr/share/texlive/texmf-dist/fonts/type1/publ
ic/amsfonts/cm/cmmi9.pfb></usr/share/texlive/texmf-dist/fonts/type1/public/amsf
onts/cm/cmr10.pfb></usr/share/texlive/texmf-dist/fonts/type1/public/amsfonts/cm
/cmr12.pfb></usr/share/texlive/texmf-dist/fonts/type1/public/amsfonts/cm/cmr17.
pfb></usr/share/texlive/texmf-dist/fonts/type1/public/amsfonts/cm/cmr5.pfb></us
r/share/texlive/texmf-dist/fonts/type1/public/amsfonts/cm/cmr7.pfb></usr/share/
texlive/texmf-dist/fonts/type1/public/amsfonts/cm/cmr8.pfb></usr/share/texlive/
texmf-dist/fonts/type1/public/amsfonts/cm/cmr9.pfb></usr/share/texlive/texmf-di
st/fonts/type1/public/amsfonts/cm/cmsy10.pfb></usr/share/texlive/texmf-dist/fon
ts/type1/public/amsfonts/cm/cmsy5.pfb></usr/share/texlive/texmf-dist/fonts/type
1/public/amsfonts/cm/cmsy7.pfb></usr/share/texlive/texmf-dist/fonts/type1/publi
c/amsfonts/cm/cmti10.pfb></usr/share/texlive/texmf-dist/fonts/type1/public/amsf
onts/cm/cmtt10.pfb></usr/share/texlive/texmf-dist/fonts/type1/public/amsfonts/s
ymbols/msbm10.pfb>
Output written on main.pdf (63 pages, 1522862 bytes).
PDF statistics:
 337 PDF objects out of 1000 (max. 8388607)
 215 compressed objects within 3 object streams
 0 named destinations out of 1000 (max. 500000)
 148 words of extra memory for PDF output out of 10000 (max. 10000000)

